c:\users\bv\documents\bachelorarbeit\gitlab\c++tries\tetra\tetra\debug\vc142.pdb
c:\users\bv\documents\bachelorarbeit\gitlab\c++tries\tetra\tetra\debug\vc142.idb
c:\users\bv\documents\bachelorarbeit\gitlab\c++tries\tetra\tetra\debug\tetrapacker.nativecodeanalysis.sarif
c:\users\bv\documents\bachelorarbeit\gitlab\c++tries\tetra\tetra\debug\tetrapacker.nativecodeanalysis.xml
c:\users\bv\documents\bachelorarbeit\gitlab\c++tries\tetra\tetra\debug\tetra.nativecodeanalysis.sarif
c:\users\bv\documents\bachelorarbeit\gitlab\c++tries\tetra\tetra\debug\tetra.nativecodeanalysis.xml
c:\users\bv\documents\bachelorarbeit\gitlab\c++tries\tetra\tetra\debug\point.nativecodeanalysis.sarif
c:\users\bv\documents\bachelorarbeit\gitlab\c++tries\tetra\tetra\debug\point.nativecodeanalysis.xml
c:\users\bv\documents\bachelorarbeit\gitlab\c++tries\tetra\tetra\debug\point.obj
c:\users\bv\documents\bachelorarbeit\gitlab\c++tries\tetra\tetra\debug\tetra.obj
c:\users\bv\documents\bachelorarbeit\gitlab\c++tries\tetra\tetra\debug\tetrapacker.obj
c:\users\bv\documents\bachelorarbeit\gitlab\c++tries\tetra\debug\tetra.ilk
c:\users\bv\documents\bachelorarbeit\gitlab\c++tries\tetra\debug\tetra.exe
c:\users\bv\documents\bachelorarbeit\gitlab\c++tries\tetra\debug\tetra.pdb
c:\users\bv\documents\bachelorarbeit\gitlab\c++tries\tetra\tetra\debug\tetra.res
c:\users\bv\documents\bachelorarbeit\gitlab\c++tries\tetra\tetra\debug\nativecodeanalysis.read.1.tlog
c:\users\bv\documents\bachelorarbeit\gitlab\c++tries\tetra\tetra\debug\vc.nativecodeanalysis.all.xml
c:\users\bv\documents\bachelorarbeit\gitlab\c++tries\tetra\tetra\debug\tetra.tlog\cl.command.1.tlog
c:\users\bv\documents\bachelorarbeit\gitlab\c++tries\tetra\tetra\debug\tetra.tlog\cl.read.1.tlog
c:\users\bv\documents\bachelorarbeit\gitlab\c++tries\tetra\tetra\debug\tetra.tlog\cl.write.1.tlog
c:\users\bv\documents\bachelorarbeit\gitlab\c++tries\tetra\tetra\debug\tetra.tlog\link.command.1.tlog
c:\users\bv\documents\bachelorarbeit\gitlab\c++tries\tetra\tetra\debug\tetra.tlog\link.read.1.tlog
c:\users\bv\documents\bachelorarbeit\gitlab\c++tries\tetra\tetra\debug\tetra.tlog\link.write.1.tlog
c:\users\bv\documents\bachelorarbeit\gitlab\c++tries\tetra\tetra\debug\tetra.tlog\rc.command.1.tlog
c:\users\bv\documents\bachelorarbeit\gitlab\c++tries\tetra\tetra\debug\tetra.tlog\rc.read.1.tlog
c:\users\bv\documents\bachelorarbeit\gitlab\c++tries\tetra\tetra\debug\tetra.tlog\rc.write.1.tlog
